INFO [2020-06-12 22:15:38] $x
INFO [2020-06-12 22:15:38] list(rownames(SFIvsNIT_down), rownames(ELIvsNIT_down), rownames(ELIvsSFI_down))
INFO [2020-06-12 22:15:38] 
INFO [2020-06-12 22:15:38] $category.names
INFO [2020-06-12 22:15:38] c("SFI vs NIT", "ELI vs NIT", "ELI vs SFI")
INFO [2020-06-12 22:15:38] 
INFO [2020-06-12 22:15:38] $filename
INFO [2020-06-12 22:15:38] [1] "./Imagenes/downRegulatedVennDiagram.png"
INFO [2020-06-12 22:15:38] 
INFO [2020-06-12 22:15:38] $output
INFO [2020-06-12 22:15:38] [1] TRUE
INFO [2020-06-12 22:15:38] 
INFO [2020-06-12 22:15:38] $imagetype
INFO [2020-06-12 22:15:38] [1] "png"
INFO [2020-06-12 22:15:38] 
INFO [2020-06-12 22:15:38] $height
INFO [2020-06-12 22:15:38] [1] 480
INFO [2020-06-12 22:15:38] 
INFO [2020-06-12 22:15:38] $width
INFO [2020-06-12 22:15:38] [1] 480
INFO [2020-06-12 22:15:38] 
INFO [2020-06-12 22:15:38] $resolution
INFO [2020-06-12 22:15:38] [1] 300
INFO [2020-06-12 22:15:38] 
INFO [2020-06-12 22:15:38] $compression
INFO [2020-06-12 22:15:38] [1] "lzw"
INFO [2020-06-12 22:15:38] 
INFO [2020-06-12 22:15:38] $main
INFO [2020-06-12 22:15:38] [1] "Down-regulated genes Venn Diagram"
INFO [2020-06-12 22:15:38] 
INFO [2020-06-12 22:15:38] $main.cex
INFO [2020-06-12 22:15:38] [1] 0.5
INFO [2020-06-12 22:15:38] 
INFO [2020-06-12 22:15:38] $lwd
INFO [2020-06-12 22:15:38] [1] 2
INFO [2020-06-12 22:15:38] 
INFO [2020-06-12 22:15:38] $lty
INFO [2020-06-12 22:15:38] [1] "blank"
INFO [2020-06-12 22:15:38] 
INFO [2020-06-12 22:15:38] $fill
INFO [2020-06-12 22:15:38] mycol
INFO [2020-06-12 22:15:38] 
INFO [2020-06-12 22:15:38] $cex
INFO [2020-06-12 22:15:38] [1] 0.5
INFO [2020-06-12 22:15:38] 
INFO [2020-06-12 22:15:38] $fontfamily
INFO [2020-06-12 22:15:38] [1] "sans"
INFO [2020-06-12 22:15:38] 
INFO [2020-06-12 22:15:38] $cat.cex
INFO [2020-06-12 22:15:38] [1] 0.3
INFO [2020-06-12 22:15:38] 
INFO [2020-06-12 22:15:38] $cat.default.pos
INFO [2020-06-12 22:15:38] [1] "outer"
INFO [2020-06-12 22:15:38] 
INFO [2020-06-12 22:15:38] $cat.pos
INFO [2020-06-12 22:15:38] c(-27, 0, 180)
INFO [2020-06-12 22:15:38] 
INFO [2020-06-12 22:15:38] $cat.dist
INFO [2020-06-12 22:15:38] c(0.055, 0.055, 0.085)
INFO [2020-06-12 22:15:38] 
INFO [2020-06-12 22:15:38] $cat.fontfamily
INFO [2020-06-12 22:15:38] [1] "sans"
INFO [2020-06-12 22:15:38] 
INFO [2020-06-12 22:15:38] $cat.col
INFO [2020-06-12 22:15:38] mycol
INFO [2020-06-12 22:15:38] 
INFO [2020-06-12 22:15:38] $rotation
INFO [2020-06-12 22:15:38] [1] 1
INFO [2020-06-12 22:15:38] 
