INFO [2020-06-11 22:38:48] $x
INFO [2020-06-11 22:38:48] list(rownames(SFIvsNIT_down), rownames(ELIvsNIT_down), rownames(ELIvsSFI_down))
INFO [2020-06-11 22:38:48] 
INFO [2020-06-11 22:38:48] $category.names
INFO [2020-06-11 22:38:48] c("SFI vs NIT", "ELI vs NIT", "ELI vs SFI")
INFO [2020-06-11 22:38:48] 
INFO [2020-06-11 22:38:48] $filename
INFO [2020-06-11 22:38:48] [1] "./Imagenes/downRegulatedVennDiagram.png"
INFO [2020-06-11 22:38:48] 
INFO [2020-06-11 22:38:48] $output
INFO [2020-06-11 22:38:48] [1] TRUE
INFO [2020-06-11 22:38:48] 
INFO [2020-06-11 22:38:48] $imagetype
INFO [2020-06-11 22:38:48] [1] "png"
INFO [2020-06-11 22:38:48] 
INFO [2020-06-11 22:38:48] $height
INFO [2020-06-11 22:38:48] [1] 480
INFO [2020-06-11 22:38:48] 
INFO [2020-06-11 22:38:48] $width
INFO [2020-06-11 22:38:48] [1] 480
INFO [2020-06-11 22:38:48] 
INFO [2020-06-11 22:38:48] $resolution
INFO [2020-06-11 22:38:48] [1] 300
INFO [2020-06-11 22:38:48] 
INFO [2020-06-11 22:38:48] $compression
INFO [2020-06-11 22:38:48] [1] "lzw"
INFO [2020-06-11 22:38:48] 
INFO [2020-06-11 22:38:48] $main
INFO [2020-06-11 22:38:48] [1] "Down-regulated genes Venn Diagram"
INFO [2020-06-11 22:38:48] 
INFO [2020-06-11 22:38:48] $main.cex
INFO [2020-06-11 22:38:48] [1] 0.5
INFO [2020-06-11 22:38:48] 
INFO [2020-06-11 22:38:48] $lwd
INFO [2020-06-11 22:38:48] [1] 2
INFO [2020-06-11 22:38:48] 
INFO [2020-06-11 22:38:48] $lty
INFO [2020-06-11 22:38:48] [1] "blank"
INFO [2020-06-11 22:38:48] 
INFO [2020-06-11 22:38:48] $fill
INFO [2020-06-11 22:38:48] mycol
INFO [2020-06-11 22:38:48] 
INFO [2020-06-11 22:38:48] $cex
INFO [2020-06-11 22:38:48] [1] 0.5
INFO [2020-06-11 22:38:48] 
INFO [2020-06-11 22:38:48] $fontfamily
INFO [2020-06-11 22:38:48] [1] "sans"
INFO [2020-06-11 22:38:48] 
INFO [2020-06-11 22:38:48] $cat.cex
INFO [2020-06-11 22:38:48] [1] 0.3
INFO [2020-06-11 22:38:48] 
INFO [2020-06-11 22:38:48] $cat.default.pos
INFO [2020-06-11 22:38:48] [1] "outer"
INFO [2020-06-11 22:38:48] 
INFO [2020-06-11 22:38:48] $cat.pos
INFO [2020-06-11 22:38:48] c(-27, 0, 180)
INFO [2020-06-11 22:38:48] 
INFO [2020-06-11 22:38:48] $cat.dist
INFO [2020-06-11 22:38:48] c(0.055, 0.055, 0.085)
INFO [2020-06-11 22:38:48] 
INFO [2020-06-11 22:38:48] $cat.fontfamily
INFO [2020-06-11 22:38:48] [1] "sans"
INFO [2020-06-11 22:38:48] 
INFO [2020-06-11 22:38:48] $cat.col
INFO [2020-06-11 22:38:48] mycol
INFO [2020-06-11 22:38:48] 
INFO [2020-06-11 22:38:48] $rotation
INFO [2020-06-11 22:38:48] [1] 1
INFO [2020-06-11 22:38:48] 
