INFO [2020-06-11 22:10:39] $x
INFO [2020-06-11 22:10:39] list(rownames(res_SFIvsNITsig), rownames(res_ELIvsNITsig), rownames(res_ELIvsSFIsig))
INFO [2020-06-11 22:10:39] 
INFO [2020-06-11 22:10:39] $category.names
INFO [2020-06-11 22:10:39] c("SFI vs NIT", "ELI vs NIT", "ELI vs SFI")
INFO [2020-06-11 22:10:39] 
INFO [2020-06-11 22:10:39] $filename
INFO [2020-06-11 22:10:39] [1] "./Imagenes/significativeVennDiagram.png"
INFO [2020-06-11 22:10:39] 
INFO [2020-06-11 22:10:39] $output
INFO [2020-06-11 22:10:39] [1] TRUE
INFO [2020-06-11 22:10:39] 
INFO [2020-06-11 22:10:39] $imagetype
INFO [2020-06-11 22:10:39] [1] "png"
INFO [2020-06-11 22:10:39] 
INFO [2020-06-11 22:10:39] $height
INFO [2020-06-11 22:10:39] [1] 480
INFO [2020-06-11 22:10:39] 
INFO [2020-06-11 22:10:39] $width
INFO [2020-06-11 22:10:39] [1] 480
INFO [2020-06-11 22:10:39] 
INFO [2020-06-11 22:10:39] $resolution
INFO [2020-06-11 22:10:39] [1] 300
INFO [2020-06-11 22:10:39] 
INFO [2020-06-11 22:10:39] $compression
INFO [2020-06-11 22:10:39] [1] "lzw"
INFO [2020-06-11 22:10:39] 
INFO [2020-06-11 22:10:39] $main
INFO [2020-06-11 22:10:39] [1] "Significative genes Venn Diagram"
INFO [2020-06-11 22:10:39] 
INFO [2020-06-11 22:10:39] $main.cex
INFO [2020-06-11 22:10:39] [1] 0.5
INFO [2020-06-11 22:10:39] 
INFO [2020-06-11 22:10:39] $lwd
INFO [2020-06-11 22:10:39] [1] 2
INFO [2020-06-11 22:10:39] 
INFO [2020-06-11 22:10:39] $lty
INFO [2020-06-11 22:10:39] [1] "blank"
INFO [2020-06-11 22:10:39] 
INFO [2020-06-11 22:10:39] $fill
INFO [2020-06-11 22:10:39] mycol
INFO [2020-06-11 22:10:39] 
INFO [2020-06-11 22:10:39] $cex
INFO [2020-06-11 22:10:39] [1] 0.5
INFO [2020-06-11 22:10:39] 
INFO [2020-06-11 22:10:39] $fontfamily
INFO [2020-06-11 22:10:39] [1] "sans"
INFO [2020-06-11 22:10:39] 
INFO [2020-06-11 22:10:39] $cat.cex
INFO [2020-06-11 22:10:39] [1] 0.5
INFO [2020-06-11 22:10:39] 
INFO [2020-06-11 22:10:39] $cat.default.pos
INFO [2020-06-11 22:10:39] [1] "outer"
INFO [2020-06-11 22:10:39] 
INFO [2020-06-11 22:10:39] $cat.pos
INFO [2020-06-11 22:10:39] c(-27, 27, 135)
INFO [2020-06-11 22:10:39] 
INFO [2020-06-11 22:10:39] $cat.dist
INFO [2020-06-11 22:10:39] c(0.055, 0.055, 0.085)
INFO [2020-06-11 22:10:39] 
INFO [2020-06-11 22:10:39] $cat.fontfamily
INFO [2020-06-11 22:10:39] [1] "sans"
INFO [2020-06-11 22:10:39] 
INFO [2020-06-11 22:10:39] $cat.col
INFO [2020-06-11 22:10:39] mycol
INFO [2020-06-11 22:10:39] 
INFO [2020-06-11 22:10:39] $rotation
INFO [2020-06-11 22:10:39] [1] 1
INFO [2020-06-11 22:10:39] 
