INFO [2020-06-11 22:11:18] $x
INFO [2020-06-11 22:11:18] list(rownames(SFIvsNIT_up), rownames(ELIvsNIT_up), rownames(ELIvsSFI_up))
INFO [2020-06-11 22:11:18] 
INFO [2020-06-11 22:11:18] $category.names
INFO [2020-06-11 22:11:18] c("SFI vs NIT", "ELI vs NIT", "ELI vs SFI")
INFO [2020-06-11 22:11:18] 
INFO [2020-06-11 22:11:18] $filename
INFO [2020-06-11 22:11:18] [1] "./Imagenes/upRegulatedVennDiagram.png"
INFO [2020-06-11 22:11:18] 
INFO [2020-06-11 22:11:18] $output
INFO [2020-06-11 22:11:18] [1] TRUE
INFO [2020-06-11 22:11:18] 
INFO [2020-06-11 22:11:18] $imagetype
INFO [2020-06-11 22:11:18] [1] "png"
INFO [2020-06-11 22:11:18] 
INFO [2020-06-11 22:11:18] $height
INFO [2020-06-11 22:11:18] [1] 480
INFO [2020-06-11 22:11:18] 
INFO [2020-06-11 22:11:18] $width
INFO [2020-06-11 22:11:18] [1] 480
INFO [2020-06-11 22:11:18] 
INFO [2020-06-11 22:11:18] $resolution
INFO [2020-06-11 22:11:18] [1] 300
INFO [2020-06-11 22:11:18] 
INFO [2020-06-11 22:11:18] $compression
INFO [2020-06-11 22:11:18] [1] "lzw"
INFO [2020-06-11 22:11:18] 
INFO [2020-06-11 22:11:18] $main
INFO [2020-06-11 22:11:18] [1] "Up-regulated genes Ven Diagramm"
INFO [2020-06-11 22:11:18] 
INFO [2020-06-11 22:11:18] $main.cex
INFO [2020-06-11 22:11:18] [1] 0.5
INFO [2020-06-11 22:11:18] 
INFO [2020-06-11 22:11:18] $lwd
INFO [2020-06-11 22:11:18] [1] 2
INFO [2020-06-11 22:11:18] 
INFO [2020-06-11 22:11:18] $lty
INFO [2020-06-11 22:11:18] [1] "blank"
INFO [2020-06-11 22:11:18] 
INFO [2020-06-11 22:11:18] $fill
INFO [2020-06-11 22:11:18] mycol
INFO [2020-06-11 22:11:18] 
INFO [2020-06-11 22:11:18] $cex
INFO [2020-06-11 22:11:18] [1] 0.5
INFO [2020-06-11 22:11:18] 
INFO [2020-06-11 22:11:18] $fontfamily
INFO [2020-06-11 22:11:18] [1] "sans"
INFO [2020-06-11 22:11:18] 
INFO [2020-06-11 22:11:18] $cat.cex
INFO [2020-06-11 22:11:18] [1] 0.5
INFO [2020-06-11 22:11:18] 
INFO [2020-06-11 22:11:18] $cat.default.pos
INFO [2020-06-11 22:11:18] [1] "outer"
INFO [2020-06-11 22:11:18] 
INFO [2020-06-11 22:11:18] $cat.pos
INFO [2020-06-11 22:11:18] c(-27, 27, 135)
INFO [2020-06-11 22:11:18] 
INFO [2020-06-11 22:11:18] $cat.dist
INFO [2020-06-11 22:11:18] c(0.055, 0.055, 0.085)
INFO [2020-06-11 22:11:18] 
INFO [2020-06-11 22:11:18] $cat.fontfamily
INFO [2020-06-11 22:11:18] [1] "sans"
INFO [2020-06-11 22:11:18] 
INFO [2020-06-11 22:11:18] $cat.col
INFO [2020-06-11 22:11:18] mycol
INFO [2020-06-11 22:11:18] 
INFO [2020-06-11 22:11:18] $rotation
INFO [2020-06-11 22:11:18] [1] 1
INFO [2020-06-11 22:11:18] 
